<?xml version="1.0" encoding="UTF-8"?>
<!-- Generated by org.testng.reporters.JUnitReportReporter -->
<testsuite skipped="0" hostname="DESKTOP-VNOG7NT" name="TestRunner" tests="3" failures="0" timestamp="2021-06-19T09:21:50 EDT" time="0.094" errors="3">
  <testcase name="runScenario" time="0.088" classname="TestRunner">
    <error type="io.cucumber.core.runner.DuplicateStepDefinitionException" message="Duplicate step definitions in stepDef.Checkout_Shipping_steps.iClickOnSaveAndContinueButtonAfterFillOutShippingInfo() and stepDef.Checkout_steps.iClickOnSaveAndContinueButtonAfterFillOutShippingInfo()">
      <![CDATA[io.cucumber.core.runner.DuplicateStepDefinitionException: Duplicate step definitions in stepDef.Checkout_Shipping_steps.iClickOnSaveAndContinueButtonAfterFillOutShippingInfo() and stepDef.Checkout_steps.iClickOnSaveAndContinueButtonAfterFillOutShippingInfo()
at io.cucumber.core.runner.CachingGlue.lambda$prepareGlue$3(CachingGlue.java:249)
at java.util.ArrayList.forEach(ArrayList.java:1259)
at io.cucumber.core.runner.CachingGlue.prepareGlue(CachingGlue.java:243)
at io.cucumber.core.runner.Runner.runPickle(Runner.java:70)
at io.cucumber.testng.TestNGCucumberRunner.lambda$runScenario$0(TestNGCucumberRunner.java:117)
at io.cucumber.core.runtime.CucumberExecutionContext.runTestCase(CucumberExecutionContext.java:117)
at io.cucumber.testng.TestNGCucumberRunner.runScenario(TestNGCucumberRunner.java:114)
at io.cucumber.testng.AbstractTestNGCucumberTests.runScenario(AbstractTestNGCucumberTests.java:31)
at sun.reflect.NativeMethodAccessorImpl.invoke0(Native Method)
at sun.reflect.NativeMethodAccessorImpl.invoke(NativeMethodAccessorImpl.java:62)
at sun.reflect.DelegatingMethodAccessorImpl.invoke(DelegatingMethodAccessorImpl.java:43)
at java.lang.reflect.Method.invoke(Method.java:498)
at org.testng.internal.MethodInvocationHelper.invokeMethod(MethodInvocationHelper.java:132)
at org.testng.internal.TestInvoker.invokeMethod(TestInvoker.java:599)
at org.testng.internal.TestInvoker.invokeTestMethod(TestInvoker.java:174)
at org.testng.internal.MethodRunner.runInSequence(MethodRunner.java:46)
at org.testng.internal.TestInvoker$MethodInvocationAgent.invoke(TestInvoker.java:822)
at org.testng.internal.TestInvoker.invokeTestMethods(TestInvoker.java:147)
at org.testng.internal.TestMethodWorker.invokeTestMethods(TestMethodWorker.java:146)
at org.testng.internal.TestMethodWorker.run(TestMethodWorker.java:128)
at java.util.concurrent.ThreadPoolExecutor.runWorker(ThreadPoolExecutor.java:1149)
at java.util.concurrent.ThreadPoolExecutor$Worker.run(ThreadPoolExecutor.java:624)
at java.lang.Thread.run(Thread.java:748)
]]>
    </error>
  </testcase> <!-- runScenario -->
  <system-out/>
  <testcase name="runScenario" time="0.003" classname="TestRunner">
    <error type="io.cucumber.core.runner.DuplicateStepDefinitionException" message="Duplicate step definitions in stepDef.Checkout_Shipping_steps.iClickOnSaveAndContinueButtonAfterFillOutShippingInfo() and stepDef.Checkout_steps.iClickOnSaveAndContinueButtonAfterFillOutShippingInfo()">
      <![CDATA[io.cucumber.core.runner.DuplicateStepDefinitionException: Duplicate step definitions in stepDef.Checkout_Shipping_steps.iClickOnSaveAndContinueButtonAfterFillOutShippingInfo() and stepDef.Checkout_steps.iClickOnSaveAndContinueButtonAfterFillOutShippingInfo()
at io.cucumber.core.runner.CachingGlue.lambda$prepareGlue$3(CachingGlue.java:249)
at java.util.ArrayList.forEach(ArrayList.java:1259)
at io.cucumber.core.runner.CachingGlue.prepareGlue(CachingGlue.java:243)
at io.cucumber.core.runner.Runner.runPickle(Runner.java:70)
at io.cucumber.testng.TestNGCucumberRunner.lambda$runScenario$0(TestNGCucumberRunner.java:117)
at io.cucumber.core.runtime.CucumberExecutionContext.runTestCase(CucumberExecutionContext.java:117)
at io.cucumber.testng.TestNGCucumberRunner.runScenario(TestNGCucumberRunner.java:114)
at io.cucumber.testng.AbstractTestNGCucumberTests.runScenario(AbstractTestNGCucumberTests.java:31)
at sun.reflect.NativeMethodAccessorImpl.invoke0(Native Method)
at sun.reflect.NativeMethodAccessorImpl.invoke(NativeMethodAccessorImpl.java:62)
at sun.reflect.DelegatingMethodAccessorImpl.invoke(DelegatingMethodAccessorImpl.java:43)
at java.lang.reflect.Method.invoke(Method.java:498)
at org.testng.internal.MethodInvocationHelper.invokeMethod(MethodInvocationHelper.java:132)
at org.testng.internal.TestInvoker.invokeMethod(TestInvoker.java:599)
at org.testng.internal.TestInvoker.invokeTestMethod(TestInvoker.java:174)
at org.testng.internal.MethodRunner.runInSequence(MethodRunner.java:46)
at org.testng.internal.TestInvoker$MethodInvocationAgent.invoke(TestInvoker.java:822)
at org.testng.internal.TestInvoker.invokeTestMethods(TestInvoker.java:147)
at org.testng.internal.TestMethodWorker.invokeTestMethods(TestMethodWorker.java:146)
at org.testng.internal.TestMethodWorker.run(TestMethodWorker.java:128)
at java.util.concurrent.ThreadPoolExecutor.runWorker(ThreadPoolExecutor.java:1149)
at java.util.concurrent.ThreadPoolExecutor$Worker.run(ThreadPoolExecutor.java:624)
at java.lang.Thread.run(Thread.java:748)
]]>
    </error>
  </testcase> <!-- runScenario -->
  <system-out/>
  <testcase name="runScenario" time="0.003" classname="TestRunner">
    <error type="io.cucumber.core.runner.DuplicateStepDefinitionException" message="Duplicate step definitions in stepDef.Checkout_Shipping_steps.iClickOnSaveAndContinueButtonAfterFillOutShippingInfo() and stepDef.Checkout_steps.iClickOnSaveAndContinueButtonAfterFillOutShippingInfo()">
      <![CDATA[io.cucumber.core.runner.DuplicateStepDefinitionException: Duplicate step definitions in stepDef.Checkout_Shipping_steps.iClickOnSaveAndContinueButtonAfterFillOutShippingInfo() and stepDef.Checkout_steps.iClickOnSaveAndContinueButtonAfterFillOutShippingInfo()
at io.cucumber.core.runner.CachingGlue.lambda$prepareGlue$3(CachingGlue.java:249)
at java.util.ArrayList.forEach(ArrayList.java:1259)
at io.cucumber.core.runner.CachingGlue.prepareGlue(CachingGlue.java:243)
at io.cucumber.core.runner.Runner.runPickle(Runner.java:70)
at io.cucumber.testng.TestNGCucumberRunner.lambda$runScenario$0(TestNGCucumberRunner.java:117)
at io.cucumber.core.runtime.CucumberExecutionContext.runTestCase(CucumberExecutionContext.java:117)
at io.cucumber.testng.TestNGCucumberRunner.runScenario(TestNGCucumberRunner.java:114)
at io.cucumber.testng.AbstractTestNGCucumberTests.runScenario(AbstractTestNGCucumberTests.java:31)
at sun.reflect.NativeMethodAccessorImpl.invoke0(Native Method)
at sun.reflect.NativeMethodAccessorImpl.invoke(NativeMethodAccessorImpl.java:62)
at sun.reflect.DelegatingMethodAccessorImpl.invoke(DelegatingMethodAccessorImpl.java:43)
at java.lang.reflect.Method.invoke(Method.java:498)
at org.testng.internal.MethodInvocationHelper.invokeMethod(MethodInvocationHelper.java:132)
at org.testng.internal.TestInvoker.invokeMethod(TestInvoker.java:599)
at org.testng.internal.TestInvoker.invokeTestMethod(TestInvoker.java:174)
at org.testng.internal.MethodRunner.runInSequence(MethodRunner.java:46)
at org.testng.internal.TestInvoker$MethodInvocationAgent.invoke(TestInvoker.java:822)
at org.testng.internal.TestInvoker.invokeTestMethods(TestInvoker.java:147)
at org.testng.internal.TestMethodWorker.invokeTestMethods(TestMethodWorker.java:146)
at org.testng.internal.TestMethodWorker.run(TestMethodWorker.java:128)
at java.util.concurrent.ThreadPoolExecutor.runWorker(ThreadPoolExecutor.java:1149)
at java.util.concurrent.ThreadPoolExecutor$Worker.run(ThreadPoolExecutor.java:624)
at java.lang.Thread.run(Thread.java:748)
]]>
    </error>
  </testcase> <!-- runScenario -->
  <system-out/>
</testsuite> <!-- TestRunner -->
